<?xml version="1.0" encoding="UTF-8"?>
<!-- Generated by org.testng.reporters.JUnitReportReporter -->
<testsuite skipped="0" hostname="DESKTOP-RJ3T7JI" name="testCases.LoginTestCase" tests="3" failures="0" timestamp="01 Mar 2020 06:36:24 GMT" time="9.568" errors="0">
  <testcase name="launchUrl" time="8.668" classname="testCases.LoginTestCase"/>
  <testcase name="login" time="0.881" classname="testCases.LoginTestCase"/>
  <testcase name="validateTitle" time="0.019" classname="testCases.LoginTestCase"/>
</testsuite> <!-- testCases.LoginTestCase -->
